<?xml version="1.0" encoding="UTF-8"?>
<!-- Generated by org.testng.reporters.JUnitReportReporter -->
<testsuite hostname="李琦" name="com.first.testcases.NewTest1" tests="1" failures="0" timestamp="26 Mar 2017 10:47:12 GMT" time="0.016" errors="0">
  <testcase name="f" time="0.016" classname="com.first.testcases.NewTest1"/>
</testsuite> <!-- com.first.testcases.NewTest1 -->
